<?xml version="1.0" encoding="UTF-8"?>
<testng-results skipped="0" failed="0" total="1" passed="1">
  <reporter-output>
  </reporter-output>
  <suite name="Default suite" duration-ms="1481" started-at="2014-05-09T09:58:45Z" finished-at="2014-05-09T09:58:46Z">
    <groups>
    </groups>
    <test name="Default test" duration-ms="1481" started-at="2014-05-09T09:58:45Z" finished-at="2014-05-09T09:58:46Z">
      <class name="roxia.dao.LocalGenericEntityDaoTests">
        <test-method status="PASS" signature="springTestContextBeforeTestClass()[pri:0, instance:roxia.dao.LocalGenericEntityDaoTests@bd928a]" name="springTestContextBeforeTestClass" is-config="true" duration-ms="5" started-at="2014-05-09T17:58:45Z" finished-at="2014-05-09T17:58:45Z">
          <reporter-output>
          </reporter-output>
        </test-method> <!-- springTestContextBeforeTestClass -->
        <test-method status="PASS" signature="springTestContextPrepareTestInstance()[pri:0, instance:roxia.dao.LocalGenericEntityDaoTests@bd928a]" name="springTestContextPrepareTestInstance" is-config="true" duration-ms="1295" started-at="2014-05-09T17:58:45Z" depends-on-methods="org.springframework.test.context.testng.AbstractTestNGSpringContextTests.springTestContextBeforeTestClass" finished-at="2014-05-09T17:58:46Z">
          <reporter-output>
          </reporter-output>
        </test-method> <!-- springTestContextPrepareTestInstance -->
        <test-method status="PASS" signature="testUserDaoAdd()[pri:0, instance:roxia.dao.LocalGenericEntityDaoTests@bd928a]" name="testUserDaoAdd" duration-ms="171" started-at="2014-05-09T17:58:46Z" finished-at="2014-05-09T17:58:46Z">
          <reporter-output>
          </reporter-output>
        </test-method> <!-- testUserDaoAdd -->
        <test-method status="PASS" signature="springTestContextBeforeTestMethod(java.lang.reflect.Method)[pri:0, instance:roxia.dao.LocalGenericEntityDaoTests@bd928a]" name="springTestContextBeforeTestMethod" is-config="true" duration-ms="0" started-at="2014-05-09T17:58:46Z" finished-at="2014-05-09T17:58:46Z">
          <params>
            <param index="0">
              <value>
                <![CDATA[public void roxia.dao.LocalGenericEntityDaoTests.testUserDaoAdd()]]>
              </value>
            </param>
          </params>
          <reporter-output>
          </reporter-output>
        </test-method> <!-- springTestContextBeforeTestMethod -->
        <test-method status="PASS" signature="springTestContextAfterTestMethod(java.lang.reflect.Method)[pri:0, instance:roxia.dao.LocalGenericEntityDaoTests@bd928a]" name="springTestContextAfterTestMethod" is-config="true" duration-ms="0" started-at="2014-05-09T17:58:46Z" finished-at="2014-05-09T17:58:46Z">
          <params>
            <param index="0">
              <value>
                <![CDATA[public void roxia.dao.LocalGenericEntityDaoTests.testUserDaoAdd()]]>
              </value>
            </param>
          </params>
          <reporter-output>
          </reporter-output>
        </test-method> <!-- springTestContextAfterTestMethod -->
        <test-method status="PASS" signature="springTestContextAfterTestClass()[pri:0, instance:roxia.dao.LocalGenericEntityDaoTests@bd928a]" name="springTestContextAfterTestClass" is-config="true" duration-ms="0" started-at="2014-05-09T17:58:46Z" finished-at="2014-05-09T17:58:46Z">
          <reporter-output>
          </reporter-output>
        </test-method> <!-- springTestContextAfterTestClass -->
      </class> <!-- roxia.dao.LocalGenericEntityDaoTests -->
    </test> <!-- Default test -->
  </suite> <!-- Default suite -->
</testng-results>
